<?xml version="1.0" encoding="UTF-8"?>
<testng-results skipped="0" failed="0" ignored="0" total="1" passed="1">
  <reporter-output>
  </reporter-output>
  <suite name="Default suite" duration-ms="11766" started-at="2020-01-17T22:04:39Z" finished-at="2020-01-17T22:04:51Z">
    <groups>
    </groups>
    <test name="Default test" duration-ms="11766" started-at="2020-01-17T22:04:39Z" finished-at="2020-01-17T22:04:51Z">
      <class name="demo.TestNG_Demo">
        <test-method status="PASS" signature="setUpTest()[pri:0, instance:demo.TestNG_Demo@1ed4004b]" name="setUpTest" is-config="true" duration-ms="3672" started-at="2020-01-17T17:04:35Z" finished-at="2020-01-17T17:04:39Z">
          <reporter-output>
          </reporter-output>
        </test-method> <!-- setUpTest -->
        <test-method status="PASS" signature="amazonSearchTest()[pri:0, instance:demo.TestNG_Demo@1ed4004b]" name="amazonSearchTest" duration-ms="11739" started-at="2020-01-17T17:04:39Z" finished-at="2020-01-17T17:04:51Z">
          <reporter-output>
          </reporter-output>
        </test-method> <!-- amazonSearchTest -->
        <test-method status="PASS" signature="endUpTest()[pri:0, instance:demo.TestNG_Demo@1ed4004b]" name="endUpTest" is-config="true" duration-ms="917" started-at="2020-01-17T17:04:51Z" finished-at="2020-01-17T17:04:52Z">
          <reporter-output>
          </reporter-output>
        </test-method> <!-- endUpTest -->
      </class> <!-- demo.TestNG_Demo -->
    </test> <!-- Default test -->
  </suite> <!-- Default suite -->
</testng-results>
