<?xml version="1.0" encoding="UTF-8"?>
<!-- Generated by org.testng.reporters.JUnitXMLReporter -->
<testsuite hostname="LAPTOP-EP6SFNCB" ignored="0" name="Default test" tests="4" failures="0" timestamp="20 Jan 2020 22:24:23 GMT" time="0.047" errors="0">
  <testcase name="test4" time="0.011" classname="listeners.TestPriorityDemo"/>
  <testcase name="test1" time="0.004" classname="listeners.TestPriorityDemo"/>
  <testcase name="test3" time="0.0" classname="listeners.TestPriorityDemo"/>
  <testcase name="test2" time="0.001" classname="listeners.TestPriorityDemo"/>
</testsuite> <!-- Default test -->
