<?xml version="1.0" encoding="UTF-8"?>
<!-- Generated by org.testng.reporters.JUnitXMLReporter -->
<testsuite hostname="LAPTOP-EP6SFNCB" ignored="0" name="Test" tests="8" failures="1" timestamp="20 Jan 2020 22:04:26 GMT" time="0.141" errors="0">
  <testcase name="test1" time="0.023" classname="listeners.ListenerDemo"/>
  <testcase name="test2" time="0.007" classname="listeners.ListenerDemo">
    <failure type="java.lang.AssertionError" message="expected [true] but found [false]">
      <![CDATA[java.lang.AssertionError: expected [true] but found [false]
	at listeners.ListenerDemo.test2(ListenerDemo.java:23)
... Removed 29 stack frames]]>
    </failure>
  </testcase> <!-- test2 -->
  <testcase name="test3" time="0.003" classname="listeners.ListenerDemo">
    <skipped/>
  </testcase> <!-- test3 -->
  <testcase name="test4" time="0.001" classname="listeners.ListenerDemo"/>
  <testcase name="test4" time="0.003" classname="listeners.ListenerDemo2"/>
  <testcase name="test5" time="0.003" classname="listeners.ListenerDemo2"/>
  <testcase name="test6" time="0.003" classname="listeners.ListenerDemo2"/>
  <testcase name="test8" time="0.005" classname="listeners.ListenerDemo2"/>
</testsuite> <!-- Test -->
